# JRE version: OpenJDK Runtime Environment (11.0.10) (build 11.0.10+0-b96-7249189)
# Java VM: OpenJDK 64-Bit Server VM (11.0.10+0-b96-7249189, mixed mode, tiered, compressed oops, g1 gc, windows-amd64)
Heap:
 garbage-first heap   total 328704K, used 214016K [0x00000000a0000000, 0x0000000100000000)
  region size 1024K, 40 young (40960K), 9 survivors (9216K)
 Metaspace       used 88752K, capacity 93195K, committed 93384K, reserved 1130496K
  class space    used 11229K, capacity 12591K, committed 12672K, reserved 1048576K
GC Heap History (20 events):
Event: 31.180 GC heap before
{Heap before GC invocations=56 (full 0):
 garbage-first heap   total 328704K, used 217037K [0x00000000a0000000, 0x0000000100000000)
  region size 1024K, 56 young (57344K), 4 survivors (4096K)
 Metaspace       used 82036K, capacity 86065K, committed 86216K, reserved 1124352K
  class space    used 10641K, capacity 11901K, committed 11904K, reserved 1048576K
}
Event: 31.208 GC heap after
{Heap after GC invocations=57 (full 0):
 garbage-first heap   total 328704K, used 169503K [0x00000000a0000000, 0x0000000100000000)
  region size 1024K, 5 young (5120K), 5 survivors (5120K)
 Metaspace       used 82036K, capacity 86065K, committed 86216K, reserved 1124352K
  class space    used 10641K, capacity 11901K, committed 11904K, reserved 1048576K
}
Event: 31.286 GC heap before
{Heap before GC invocations=57 (full 0):
 garbage-first heap   total 328704K, used 174623K [0x00000000a0000000, 0x0000000100000000)
  region size 1024K, 11 young (11264K), 5 survivors (5120K)
 Metaspace       used 82079K, capacity 86236K, committed 86344K, reserved 1124352K
  class space    used 10643K, capacity 11935K, committed 12032K, reserved 1048576K
}
Event: 31.294 GC heap after
{Heap after GC invocations=58 (full 0):
 garbage-first heap   total 328704K, used 170073K [0x00000000a0000000, 0x0000000100000000)
  region size 1024K, 5 young (5120K), 5 survivors (5120K)
 Metaspace       used 82079K, capacity 86236K, committed 86344K, reserved 1124352K
  class space    used 10643K, capacity 11935K, committed 12032K, reserved 1048576K
}
Event: 49.961 GC heap before
{Heap before GC invocations=59 (full 0):
 garbage-first heap   total 328704K, used 233561K [0x00000000a0000000, 0x0000000100000000)
  region size 1024K, 64 young (65536K), 5 survivors (5120K)
 Metaspace       used 83544K, capacity 87712K, committed 87752K, reserved 1124352K
  class space    used 10859K, capacity 12128K, committed 12160K, reserved 1048576K
}
Event: 49.996 GC heap after
{Heap after GC invocations=60 (full 0):
 garbage-first heap   total 328704K, used 172521K [0x00000000a0000000, 0x0000000100000000)
  region size 1024K, 4 young (4096K), 4 survivors (4096K)
 Metaspace       used 83544K, capacity 87712K, committed 87752K, reserved 1124352K
  class space    used 10859K, capacity 12128K, committed 12160K, reserved 1048576K
}
Event: 703.572 GC heap before
{Heap before GC invocations=60 (full 0):
 garbage-first heap   total 328704K, used 234985K [0x00000000a0000000, 0x0000000100000000)
  region size 1024K, 66 young (67584K), 4 survivors (4096K)
 Metaspace       used 87509K, capacity 91817K, committed 91976K, reserved 1128448K
  class space    used 11158K, capacity 12460K, committed 12544K, reserved 1048576K
}
Event: 703.758 GC heap after
{Heap after GC invocations=61 (full 0):
 garbage-first heap   total 328704K, used 174854K [0x00000000a0000000, 0x0000000100000000)
  region size 1024K, 7 young (7168K), 7 survivors (7168K)
 Metaspace       used 87509K, capacity 91817K, committed 91976K, reserved 1128448K
  class space    used 11158K, capacity 12460K, committed 12544K, reserved 1048576K
}
Event: 707.061 GC heap before
{Heap before GC invocations=62 (full 0):
 garbage-first heap   total 328704K, used 241414K [0x00000000a0000000, 0x0000000100000000)
  region size 1024K, 73 young (74752K), 7 survivors (7168K)
 Metaspace       used 87859K, capacity 92190K, committed 92488K, reserved 1130496K
  class space    used 11151K, capacity 12450K, committed 12544K, reserved 1048576K
}
Event: 707.103 GC heap after
{Heap after GC invocations=63 (full 0):
 garbage-first heap   total 328704K, used 184438K [0x00000000a0000000, 0x0000000100000000)
  region size 1024K, 10 young (10240K), 10 survivors (10240K)
 Metaspace       used 87859K, capacity 92190K, committed 92488K, reserved 1130496K
  class space    used 11151K, capacity 12450K, committed 12544K, reserved 1048576K
}
Event: 708.037 GC heap before
{Heap before GC invocations=63 (full 0):
 garbage-first heap   total 328704K, used 249974K [0x00000000a0000000, 0x0000000100000000)
  region size 1024K, 74 young (75776K), 10 survivors (10240K)
 Metaspace       used 88070K, capacity 92389K, committed 92488K, reserved 1130496K
  class space    used 11163K, capacity 12469K, committed 12544K, reserved 1048576K
}
Event: 708.149 GC heap after
{Heap after GC invocations=64 (full 0):
 garbage-first heap   total 328704K, used 197456K [0x00000000a0000000, 0x0000000100000000)
  region size 1024K, 10 young (10240K), 10 survivors (10240K)
 Metaspace       used 88070K, capacity 92389K, committed 92488K, reserved 1130496K
  class space    used 11163K, capacity 12469K, committed 12544K, reserved 1048576K
}
Event: 708.875 GC heap before
{Heap before GC invocations=65 (full 0):
 garbage-first heap   total 328704K, used 251728K [0x00000000a0000000, 0x0000000100000000)
  region size 1024K, 69 young (70656K), 10 survivors (10240K)
 Metaspace       used 88194K, capacity 92497K, committed 92744K, reserved 1130496K
  class space    used 11166K, capacity 12475K, committed 12544K, reserved 1048576K
}
Event: 708.923 GC heap after
{Heap after GC invocations=66 (full 0):
 garbage-first heap   total 328704K, used 205824K [0x00000000a0000000, 0x0000000100000000)
  region size 1024K, 9 young (9216K), 9 survivors (9216K)
 Metaspace       used 88194K, capacity 92497K, committed 92744K, reserved 1130496K
  class space    used 11166K, capacity 12475K, committed 12544K, reserved 1048576K
}
Event: 708.966 GC heap before
{Heap before GC invocations=66 (full 0):
 garbage-first heap   total 328704K, used 212992K [0x00000000a0000000, 0x0000000100000000)
  region size 1024K, 16 young (16384K), 9 survivors (9216K)
 Metaspace       used 88204K, capacity 92497K, committed 92744K, reserved 1130496K
  class space    used 11166K, capacity 12475K, committed 12544K, reserved 1048576K
}
Event: 709.003 GC heap after
{Heap after GC invocations=67 (full 0):
 garbage-first heap   total 328704K, used 177152K [0x00000000a0000000, 0x0000000100000000)
  region size 1024K, 2 young (2048K), 2 survivors (2048K)
 Metaspace       used 88204K, capacity 92497K, committed 92744K, reserved 1130496K
  class space    used 11166K, capacity 12475K, committed 12544K, reserved 1048576K
}
Event: 709.121 GC heap before
{Heap before GC invocations=67 (full 0):
 garbage-first heap   total 328704K, used 191488K [0x00000000a0000000, 0x0000000100000000)
  region size 1024K, 16 young (16384K), 2 survivors (2048K)
 Metaspace       used 88351K, capacity 92707K, committed 92744K, reserved 1130496K
  class space    used 11201K, capacity 12540K, committed 12544K, reserved 1048576K
}
Event: 709.139 GC heap after
{Heap after GC invocations=68 (full 0):
 garbage-first heap   total 328704K, used 165449K [0x00000000a0000000, 0x0000000100000000)
  region size 1024K, 2 young (2048K), 2 survivors (2048K)
 Metaspace       used 88351K, capacity 92707K, committed 92744K, reserved 1130496K
  class space    used 11201K, capacity 12540K, committed 12544K, reserved 1048576K
}
Event: 709.695 GC heap before
{Heap before GC invocations=68 (full 0):
 garbage-first heap   total 328704K, used 234057K [0x00000000a0000000, 0x0000000100000000)
  region size 1024K, 70 young (71680K), 2 survivors (2048K)
 Metaspace       used 88646K, capacity 93109K, committed 93384K, reserved 1130496K
  class space    used 11228K, capacity 12590K, committed 12672K, reserved 1048576K
}
Event: 709.718 GC heap after
{Heap after GC invocations=69 (full 0):
 garbage-first heap   total 328704K, used 182516K [0x00000000a0000000, 0x0000000100000000)
  region size 1024K, 9 young (9216K), 9 survivors (9216K)
 Metaspace       used 88646K, capacity 93109K, committed 93384K, reserved 1130496K
  class space    used 11228K, capacity 12590K, committed 12672K, reserved 1048576K
}

